This file contains any messages produced by compilers while
running configure, to aid debugging if configure makes a mistake.

It was created by FreeType configure 2.11.1, which was
generated by GNU Autoconf 2.71.  Invocation command line was

  $ ./configure --prefix=/Users/pro21/gitlab/learning/freetype2/freetype-2.11.1/android-libs/x86 --libdir=/Users/pro21/gitlab/learning/freetype2/freetype-2.11.1/android-libs/x86 --host=i686-linux-android --with-zlib=no --with-bzip2=no --with-png=no --with-harfbuzz=no --with-brotli=no --with-sysroot=

## --------- ##
## Platform. ##
## --------- ##

hostname = pro21deMacBook-Pro.local
uname -m = arm64
uname -r = 21.2.0
uname -s = Darwin
uname -v = Darwin Kernel Version 21.2.0: Sun Nov 28 20:28:41 PST 2021; root:xnu-8019.61.5~1/RELEASE_ARM64_T6000

/usr/bin/uname -p = arm
/bin/uname -X     = unknown

/bin/arch              = unknown
/usr/bin/arch -k       = unknown
/usr/convex/getsysinfo = unknown
/usr/bin/hostinfo      = Mach kernel version:
	 Darwin Kernel Version 21.2.0: Sun Nov 28 20:28:41 PST 2021; root:xnu-8019.61.5~1/RELEASE_ARM64_T6000
Kernel configured for up to 10 processors.
10 processors are physically available.
10 processors are logically available.
Processor type: arm64e (ARM64E)
Processors active: 0 1 2 3 4 5 6 7 8 9
Primary memory available: 32.00 gigabytes
Default processor set: 728 tasks, 4171 threads, 10 processors
Load average: 3.25, Mach factor: 6.80
/bin/machine           = unknown
/usr/bin/oslevel       = unknown
/bin/universe          = unknown

PATH: /usr/local/bin/
PATH: /usr/bin/
PATH: /bin/
PATH: /usr/sbin/
PATH: /sbin/
PATH: /usr/local/go/bin/
PATH: /Library/Apple/usr/bin/
PATH: /Applications/Wireshark.app/Contents/MacOS/
PATH: /Users/pro21/misc/depot_tools/
PATH: /opt/homebrew/bin/
PATH: /Users/pro21/Library/Android/sdk/platform-tools/
PATH: /Applications/Visual Studio Code.app/Contents/Resources/app/bin/
PATH: /Users/pro21/misc/flutter/bin/
PATH: /opt/homebrew/opt/openvpn/sbin/


## ----------- ##
## Core tests. ##
## ----------- ##

configure:2563: looking for aux files: install-sh ltmain.sh config.guess config.sub
configure:2576:  trying ./
configure:2587:   ./install-sh found
configure:2605:   ./ltmain.sh found
configure:2605:   ./config.guess found
configure:2605:   ./config.sub found
configure:2736: checking build system type
configure:2751: result: aarch64-apple-darwin21.2.0
configure:2771: checking host system type
configure:2785: result: i686-pc-linux-android
configure:2826: checking for i686-linux-android-gcc
configure:2858: result: /Users/pro21/Downloads/android-ndk-r21e//toolchains/llvm/prebuilt/darwin-x86_64/bin/i686-linux-android16-clang
configure:3256: checking for C compiler version
configure:3265: /Users/pro21/Downloads/android-ndk-r21e//toolchains/llvm/prebuilt/darwin-x86_64/bin/i686-linux-android16-clang --version >&5
Android (7019983 based on r365631c3) clang version 9.0.9 (https://android.googlesource.com/toolchain/llvm-project a2a1e703c0edb03ba29944e529ccbf457742737b) (based on LLVM 9.0.9svn)
Target: i686-unknown-linux-android16
Thread model: posix
InstalledDir: /Users/pro21/Downloads/android-ndk-r21e//toolchains/llvm/prebuilt/darwin-x86_64/bin
configure:3276: $? = 0
configure:3265: /Users/pro21/Downloads/android-ndk-r21e//toolchains/llvm/prebuilt/darwin-x86_64/bin/i686-linux-android16-clang -v >&5
Android (7019983 based on r365631c3) clang version 9.0.9 (https://android.googlesource.com/toolchain/llvm-project a2a1e703c0edb03ba29944e529ccbf457742737b) (based on LLVM 9.0.9svn)
Target: i686-unknown-linux-android16
Thread model: posix
InstalledDir: /Users/pro21/Downloads/android-ndk-r21e//toolchains/llvm/prebuilt/darwin-x86_64/bin
Found candidate GCC installation: /Users/pro21/Downloads/android-ndk-r21e//toolchains/llvm/prebuilt/darwin-x86_64/bin/../lib/gcc/i686-linux-android/4.9.x
Found candidate GCC installation: /Users/pro21/Downloads/android-ndk-r21e//toolchains/llvm/prebuilt/darwin-x86_64/bin/../lib/gcc/x86_64-linux-android/4.9.x
Selected GCC installation: /Users/pro21/Downloads/android-ndk-r21e//toolchains/llvm/prebuilt/darwin-x86_64/bin/../lib/gcc/i686-linux-android/4.9.x
Candidate multilib: .;@m32
Selected multilib: .;@m32
clang: warning: argument unused during compilation: '-mstackrealign' [-Wunused-command-line-argument]
... rest of stderr output deleted ...
configure:3276: $? = 0
configure:3265: /Users/pro21/Downloads/android-ndk-r21e//toolchains/llvm/prebuilt/darwin-x86_64/bin/i686-linux-android16-clang -V >&5
clang: error: argument to '-V' is missing (expected 1 value)
clang: error: no input files
configure:3276: $? = 1
configure:3265: /Users/pro21/Downloads/android-ndk-r21e//toolchains/llvm/prebuilt/darwin-x86_64/bin/i686-linux-android16-clang -qversion >&5
clang: error: unknown argument '-qversion'; did you mean '--version'?
clang: error: no input files
configure:3276: $? = 1
configure:3265: /Users/pro21/Downloads/android-ndk-r21e//toolchains/llvm/prebuilt/darwin-x86_64/bin/i686-linux-android16-clang -version >&5
clang: error: unknown argument '-version'; did you mean '--version'?
clang: error: no input files
configure:3276: $? = 1
configure:3296: checking whether the C compiler works
configure:3318: /Users/pro21/Downloads/android-ndk-r21e//toolchains/llvm/prebuilt/darwin-x86_64/bin/i686-linux-android16-clang    conftest.c  >&5
configure:3322: $? = 0
configure:3372: result: yes
configure:3375: checking for C compiler default output file name
configure:3377: result: a.out
configure:3383: checking for suffix of executables
configure:3390: /Users/pro21/Downloads/android-ndk-r21e//toolchains/llvm/prebuilt/darwin-x86_64/bin/i686-linux-android16-clang -o conftest    conftest.c  >&5
configure:3394: $? = 0
configure:3417: result: 
configure:3439: checking whether we are cross compiling
configure:3447: /Users/pro21/Downloads/android-ndk-r21e//toolchains/llvm/prebuilt/darwin-x86_64/bin/i686-linux-android16-clang -o conftest    conftest.c  >&5
configure:3451: $? = 0
configure:3458: ./conftest
./configure: line 3460: ./conftest: cannot execute binary file
configure:3462: $? = 126
configure:3477: result: yes
configure:3482: checking for suffix of object files
configure:3505: /Users/pro21/Downloads/android-ndk-r21e//toolchains/llvm/prebuilt/darwin-x86_64/bin/i686-linux-android16-clang -c   conftest.c >&5
configure:3509: $? = 0
configure:3531: result: o
configure:3535: checking whether the compiler supports GNU C
configure:3555: /Users/pro21/Downloads/android-ndk-r21e//toolchains/llvm/prebuilt/darwin-x86_64/bin/i686-linux-android16-clang -c   conftest.c >&5
configure:3555: $? = 0
configure:3565: result: yes
configure:3576: checking whether /Users/pro21/Downloads/android-ndk-r21e//toolchains/llvm/prebuilt/darwin-x86_64/bin/i686-linux-android16-clang accepts -g
configure:3597: /Users/pro21/Downloads/android-ndk-r21e//toolchains/llvm/prebuilt/darwin-x86_64/bin/i686-linux-android16-clang -c -g  conftest.c >&5
configure:3597: $? = 0
configure:3641: result: yes
configure:3661: checking for /Users/pro21/Downloads/android-ndk-r21e//toolchains/llvm/prebuilt/darwin-x86_64/bin/i686-linux-android16-clang option to enable C11 features
configure:3676: /Users/pro21/Downloads/android-ndk-r21e//toolchains/llvm/prebuilt/darwin-x86_64/bin/i686-linux-android16-clang  -c -g -O2  conftest.c >&5
configure:3676: $? = 0
configure:3694: result: none needed
configure:3809: checking how to run the C preprocessor
configure:3835: /Users/pro21/Downloads/android-ndk-r21e//toolchains/llvm/prebuilt/darwin-x86_64/bin/i686-linux-android16-clang -E  conftest.c
configure:3835: $? = 0
configure:3850: /Users/pro21/Downloads/android-ndk-r21e//toolchains/llvm/prebuilt/darwin-x86_64/bin/i686-linux-android16-clang -E  conftest.c
conftest.c:9:10: fatal error: 'ac_nonexistent.h' file not found
#include <ac_nonexistent.h>
         ^~~~~~~~~~~~~~~~~~
1 error generated.
configure:3850: $? = 1
configure: failed program was:
| /* confdefs.h */
| #define PACKAGE_NAME "FreeType"
| #define PACKAGE_TARNAME "freetype"
| #define PACKAGE_VERSION "2.11.1"
| #define PACKAGE_STRING "FreeType 2.11.1"
| #define PACKAGE_BUGREPORT "freetype@nongnu.org"
| #define PACKAGE_URL ""
| /* end confdefs.h.  */
| #include <ac_nonexistent.h>
configure:3877: result: /Users/pro21/Downloads/android-ndk-r21e//toolchains/llvm/prebuilt/darwin-x86_64/bin/i686-linux-android16-clang -E
configure:3891: /Users/pro21/Downloads/android-ndk-r21e//toolchains/llvm/prebuilt/darwin-x86_64/bin/i686-linux-android16-clang -E  conftest.c
configure:3891: $? = 0
configure:3906: /Users/pro21/Downloads/android-ndk-r21e//toolchains/llvm/prebuilt/darwin-x86_64/bin/i686-linux-android16-clang -E  conftest.c
conftest.c:9:10: fatal error: 'ac_nonexistent.h' file not found
#include <ac_nonexistent.h>
         ^~~~~~~~~~~~~~~~~~
1 error generated.
configure:3906: $? = 1
configure: failed program was:
| /* confdefs.h */
| #define PACKAGE_NAME "FreeType"
| #define PACKAGE_TARNAME "freetype"
| #define PACKAGE_VERSION "2.11.1"
| #define PACKAGE_STRING "FreeType 2.11.1"
| #define PACKAGE_BUGREPORT "freetype@nongnu.org"
| #define PACKAGE_URL ""
| /* end confdefs.h.  */
| #include <ac_nonexistent.h>
configure:3949: checking for i686-linux-android-pkg-config
configure:3987: result: no
configure:3997: checking for pkg-config
configure:4020: found /opt/homebrew/bin/pkg-config
configure:4032: result: /opt/homebrew/bin/pkg-config
configure:4044: WARNING: using cross tools not prefixed with host triplet
configure:4057: checking pkg-config is at least version 0.24
configure:4060: result: yes
configure:4117: checking how to print strings
configure:4144: result: printf
configure:4165: checking for a sed that does not truncate output
configure:4235: result: /usr/bin/sed
configure:4253: checking for grep that handles long lines and -e
configure:4317: result: /usr/bin/grep
configure:4322: checking for egrep
configure:4390: result: /usr/bin/grep -E
configure:4395: checking for fgrep
configure:4463: result: /usr/bin/grep -F
configure:4499: checking for ld used by /Users/pro21/Downloads/android-ndk-r21e//toolchains/llvm/prebuilt/darwin-x86_64/bin/i686-linux-android16-clang
configure:4567: result: /Users/pro21/Downloads/android-ndk-r21e//toolchains/llvm/prebuilt/darwin-x86_64/i686-linux-android/bin/ld
configure:4574: checking if the linker (/Users/pro21/Downloads/android-ndk-r21e//toolchains/llvm/prebuilt/darwin-x86_64/i686-linux-android/bin/ld) is GNU ld
configure:4590: result: yes
configure:4602: checking for BSD- or MS-compatible name lister (nm)
configure:4657: result: no
configure:4671: checking for i686-linux-android-dumpbin
configure:4706: result: no
configure:4671: checking for i686-linux-android-link
configure:4706: result: no
configure:4720: checking for dumpbin
configure:4755: result: no
configure:4720: checking for link
configure:4741: found /bin/link
configure:4752: result: link -dump
configure:4797: checking the name lister (nm) interface
configure:4805: /Users/pro21/Downloads/android-ndk-r21e//toolchains/llvm/prebuilt/darwin-x86_64/bin/i686-linux-android16-clang -c -g -O2  conftest.c >&5
configure:4808: nm "conftest.o"
configure:4811: output
00000000 N 
000000b5 N 
000000c0 N 
00000103 N 
00000111 N 
00000000 B some_variable
configure:4818: result: BSD nm
configure:4821: checking whether ln -s works
configure:4825: result: yes
configure:4833: checking the maximum length of command line arguments
configure:4965: result: 786432
configure:5013: checking how to convert aarch64-apple-darwin21.2.0 file names to i686-pc-linux-android format
configure:5054: result: func_convert_file_noop
configure:5061: checking how to convert aarch64-apple-darwin21.2.0 file names to toolchain format
configure:5082: result: func_convert_file_noop
configure:5089: checking for /Users/pro21/Downloads/android-ndk-r21e//toolchains/llvm/prebuilt/darwin-x86_64/i686-linux-android/bin/ld option to reload object files
configure:5097: result: -r
configure:5131: checking for i686-linux-android-objdump
configure:5166: result: no
configure:5176: checking for objdump
configure:5197: found /usr/bin/objdump
configure:5208: result: objdump
configure:5237: checking how to recognize dependent libraries
configure:5438: result: pass_all
configure:5483: checking for i686-linux-android-dlltool
configure:5518: result: no
configure:5528: checking for dlltool
configure:5563: result: no
configure:5590: checking how to associate runtime and link libraries
configure:5618: result: printf %s\n
configure:5635: checking for i686-linux-android-ar
configure:5670: result: no
configure:5684: checking for ar
configure:5705: found /usr/bin/ar
configure:5716: result: ar
configure:5753: checking for archiver @FILE support
configure:5771: /Users/pro21/Downloads/android-ndk-r21e//toolchains/llvm/prebuilt/darwin-x86_64/bin/i686-linux-android16-clang -c -g -O2  conftest.c >&5
configure:5771: $? = 0
configure:5775: ar cru libconftest.a @conftest.lst >&5
ar: @conftest.lst: No such file or directory
configure:5778: $? = 1
configure:5798: result: no
configure:5816: checking for i686-linux-android-strip
configure:5851: result: no
configure:5861: checking for strip
configure:5882: found /usr/bin/strip
configure:5893: result: strip
configure:5925: checking for i686-linux-android-ranlib
configure:5960: result: no
configure:5970: checking for ranlib
configure:5991: found /usr/bin/ranlib
configure:6002: result: ranlib
configure:6079: checking for gawk
configure:6114: result: no
configure:6079: checking for mawk
configure:6114: result: no
configure:6079: checking for nawk
configure:6114: result: no
configure:6079: checking for awk
configure:6100: found /usr/bin/awk
configure:6111: result: awk
configure:6151: checking command to parse nm output from /Users/pro21/Downloads/android-ndk-r21e//toolchains/llvm/prebuilt/darwin-x86_64/bin/i686-linux-android16-clang object
configure:6305: /Users/pro21/Downloads/android-ndk-r21e//toolchains/llvm/prebuilt/darwin-x86_64/bin/i686-linux-android16-clang -c -g -O2  conftest.c >&5
configure:6308: $? = 0
configure:6312: nm conftest.o \| sed -n -e 's/^.*[ ]\([BCDEGRST][BCDEGRST]*\)[ ][ ]*\([_A-Za-z][_A-Za-z0-9]*\)$/\1 \2 \2/p' | sed '/ __gnu_lto/d' \> conftest.nm
configure:6315: $? = 0
configure:6381: /Users/pro21/Downloads/android-ndk-r21e//toolchains/llvm/prebuilt/darwin-x86_64/bin/i686-linux-android16-clang -o conftest -g -O2   conftest.c conftstm.o >&5
configure:6384: $? = 0
configure:6422: result: ok
configure:6469: checking for sysroot
configure:6500: result: no
configure:6507: checking for a working dd
configure:6551: result: /bin/dd
configure:6555: checking how to truncate binary pipes
configure:6571: result: /bin/dd bs=4096 count=1
configure:6863: checking for i686-linux-android-mt
configure:6898: result: no
configure:6908: checking for mt
configure:6943: result: no
configure:6963: checking if : is a manifest tool
configure:6970: : '-?'
configure:6978: result: no
configure:7708: checking for stdio.h
configure:7708: /Users/pro21/Downloads/android-ndk-r21e//toolchains/llvm/prebuilt/darwin-x86_64/bin/i686-linux-android16-clang -c -g -O2  conftest.c >&5
configure:7708: $? = 0
configure:7708: result: yes
configure:7708: checking for stdlib.h
configure:7708: /Users/pro21/Downloads/android-ndk-r21e//toolchains/llvm/prebuilt/darwin-x86_64/bin/i686-linux-android16-clang -c -g -O2  conftest.c >&5
configure:7708: $? = 0
configure:7708: result: yes
configure:7708: checking for string.h
configure:7708: /Users/pro21/Downloads/android-ndk-r21e//toolchains/llvm/prebuilt/darwin-x86_64/bin/i686-linux-android16-clang -c -g -O2  conftest.c >&5
configure:7708: $? = 0
configure:7708: result: yes
configure:7708: checking for inttypes.h
configure:7708: /Users/pro21/Downloads/android-ndk-r21e//toolchains/llvm/prebuilt/darwin-x86_64/bin/i686-linux-android16-clang -c -g -O2  conftest.c >&5
configure:7708: $? = 0
configure:7708: result: yes
configure:7708: checking for stdint.h
configure:7708: /Users/pro21/Downloads/android-ndk-r21e//toolchains/llvm/prebuilt/darwin-x86_64/bin/i686-linux-android16-clang -c -g -O2  conftest.c >&5
configure:7708: $? = 0
configure:7708: result: yes
configure:7708: checking for strings.h
configure:7708: /Users/pro21/Downloads/android-ndk-r21e//toolchains/llvm/prebuilt/darwin-x86_64/bin/i686-linux-android16-clang -c -g -O2  conftest.c >&5
configure:7708: $? = 0
configure:7708: result: yes
configure:7708: checking for sys/stat.h
configure:7708: /Users/pro21/Downloads/android-ndk-r21e//toolchains/llvm/prebuilt/darwin-x86_64/bin/i686-linux-android16-clang -c -g -O2  conftest.c >&5
configure:7708: $? = 0
configure:7708: result: yes
configure:7708: checking for sys/types.h
configure:7708: /Users/pro21/Downloads/android-ndk-r21e//toolchains/llvm/prebuilt/darwin-x86_64/bin/i686-linux-android16-clang -c -g -O2  conftest.c >&5
configure:7708: $? = 0
configure:7708: result: yes
configure:7708: checking for unistd.h
configure:7708: /Users/pro21/Downloads/android-ndk-r21e//toolchains/llvm/prebuilt/darwin-x86_64/bin/i686-linux-android16-clang -c -g -O2  conftest.c >&5
configure:7708: $? = 0
configure:7708: result: yes
configure:7708: checking for sys/param.h
configure:7708: /Users/pro21/Downloads/android-ndk-r21e//toolchains/llvm/prebuilt/darwin-x86_64/bin/i686-linux-android16-clang -c -g -O2  conftest.c >&5
configure:7708: $? = 0
configure:7708: result: yes
configure:7733: checking for dlfcn.h
configure:7733: /Users/pro21/Downloads/android-ndk-r21e//toolchains/llvm/prebuilt/darwin-x86_64/bin/i686-linux-android16-clang -c -g -O2  conftest.c >&5
configure:7733: $? = 0
configure:7733: result: yes
configure:8320: checking for objdir
configure:8336: result: .libs
configure:8596: checking if /Users/pro21/Downloads/android-ndk-r21e//toolchains/llvm/prebuilt/darwin-x86_64/bin/i686-linux-android16-clang supports -fno-rtti -fno-exceptions
configure:8615: /Users/pro21/Downloads/android-ndk-r21e//toolchains/llvm/prebuilt/darwin-x86_64/bin/i686-linux-android16-clang -c -g -O2  -fno-rtti -fno-exceptions conftest.c >&5
configure:8619: $? = 0
configure:8632: result: yes
configure:8990: checking for /Users/pro21/Downloads/android-ndk-r21e//toolchains/llvm/prebuilt/darwin-x86_64/bin/i686-linux-android16-clang option to produce PIC
configure:8998: result: -fPIC -DPIC
configure:9006: checking if /Users/pro21/Downloads/android-ndk-r21e//toolchains/llvm/prebuilt/darwin-x86_64/bin/i686-linux-android16-clang PIC flag -fPIC -DPIC works
configure:9025: /Users/pro21/Downloads/android-ndk-r21e//toolchains/llvm/prebuilt/darwin-x86_64/bin/i686-linux-android16-clang -c -g -O2  -fPIC -DPIC -DPIC conftest.c >&5
configure:9029: $? = 0
configure:9042: result: yes
configure:9071: checking if /Users/pro21/Downloads/android-ndk-r21e//toolchains/llvm/prebuilt/darwin-x86_64/bin/i686-linux-android16-clang static flag -static works
configure:9100: result: yes
configure:9115: checking if /Users/pro21/Downloads/android-ndk-r21e//toolchains/llvm/prebuilt/darwin-x86_64/bin/i686-linux-android16-clang supports -c -o file.o
configure:9137: /Users/pro21/Downloads/android-ndk-r21e//toolchains/llvm/prebuilt/darwin-x86_64/bin/i686-linux-android16-clang -c -g -O2  -o out/conftest2.o conftest.c >&5
configure:9141: $? = 0
configure:9163: result: yes
configure:9171: checking if /Users/pro21/Downloads/android-ndk-r21e//toolchains/llvm/prebuilt/darwin-x86_64/bin/i686-linux-android16-clang supports -c -o file.o
configure:9219: result: yes
configure:9252: checking whether the /Users/pro21/Downloads/android-ndk-r21e//toolchains/llvm/prebuilt/darwin-x86_64/bin/i686-linux-android16-clang linker (/Users/pro21/Downloads/android-ndk-r21e//toolchains/llvm/prebuilt/darwin-x86_64/i686-linux-android/bin/ld) supports shared libraries
configure:10518: result: yes
configure:10555: checking whether -lc should be explicitly linked in
configure:10564: /Users/pro21/Downloads/android-ndk-r21e//toolchains/llvm/prebuilt/darwin-x86_64/bin/i686-linux-android16-clang -c -g -O2  conftest.c >&5
configure:10567: $? = 0
configure:10582: /Users/pro21/Downloads/android-ndk-r21e//toolchains/llvm/prebuilt/darwin-x86_64/bin/i686-linux-android16-clang -shared  -fPIC -DPIC conftest.o  -v -Wl,-soname -Wl,conftest -o conftest 2\>\&1 \| /usr/bin/grep  -lc  \>/dev/null 2\>\&1
configure:10585: $? = 0
configure:10599: result: no
configure:10759: checking dynamic linker characteristics
configure:11580: result: Android linker
configure:11702: checking how to hardcode library paths into programs
configure:11727: result: immediate
configure:12279: checking whether stripping libraries is possible
configure:12301: result: no
configure:12319: checking if libtool supports shared libraries
configure:12321: result: yes
configure:12324: checking whether to build shared libraries
configure:12349: result: yes
configure:12352: checking whether to build static libraries
configure:12356: result: yes
configure:12393: checking for windows.h
configure:12393: /Users/pro21/Downloads/android-ndk-r21e//toolchains/llvm/prebuilt/darwin-x86_64/bin/i686-linux-android16-clang -c -g -O2  conftest.c >&5
conftest.c:50:10: fatal error: 'windows.h' file not found
#include <windows.h>
         ^~~~~~~~~~~
1 error generated.
configure:12393: $? = 1
configure: failed program was:
| /* confdefs.h */
| #define PACKAGE_NAME "FreeType"
| #define PACKAGE_TARNAME "freetype"
| #define PACKAGE_VERSION "2.11.1"
| #define PACKAGE_STRING "FreeType 2.11.1"
| #define PACKAGE_BUGREPORT "freetype@nongnu.org"
| #define PACKAGE_URL ""
| #define HAVE_STDIO_H 1
| #define HAVE_STDLIB_H 1
| #define HAVE_STRING_H 1
| #define HAVE_INTTYPES_H 1
| #define HAVE_STDINT_H 1
| #define HAVE_STRINGS_H 1
| #define HAVE_SYS_STAT_H 1
| #define HAVE_SYS_TYPES_H 1
| #define HAVE_UNISTD_H 1
| #define HAVE_SYS_PARAM_H 1
| #define STDC_HEADERS 1
| #define HAVE_DLFCN_H 1
| #define LT_OBJDIR ".libs/"
| /* end confdefs.h.  */
| #include <stddef.h>
| #ifdef HAVE_STDIO_H
| # include <stdio.h>
| #endif
| #ifdef HAVE_STDLIB_H
| # include <stdlib.h>
| #endif
| #ifdef HAVE_STRING_H
| # include <string.h>
| #endif
| #ifdef HAVE_INTTYPES_H
| # include <inttypes.h>
| #endif
| #ifdef HAVE_STDINT_H
| # include <stdint.h>
| #endif
| #ifdef HAVE_STRINGS_H
| # include <strings.h>
| #endif
| #ifdef HAVE_SYS_TYPES_H
| # include <sys/types.h>
| #endif
| #ifdef HAVE_SYS_STAT_H
| # include <sys/stat.h>
| #endif
| #ifdef HAVE_UNISTD_H
| # include <unistd.h>
| #endif
| #include <windows.h>
configure:12393: result: no
configure:12584: checking for aarch64-apple-darwin21.2.0-gcc
configure:12619: result: no
configure:12626: checking for gcc
configure:12647: found /usr/bin/gcc
configure:12658: result: gcc
configure:12668: checking for gcc
configure:12717: result: gcc
configure:12727: checking for suffix of native executables
configure:12741: result: 
configure:12772: checking for a BSD-compatible install
configure:12845: result: /usr/bin/install -c
configure:12865: checking for a race-free mkdir -p
configure:12909: result: ./install-sh -c -d
configure:12923: checking for fcntl.h
configure:12923: /Users/pro21/Downloads/android-ndk-r21e//toolchains/llvm/prebuilt/darwin-x86_64/bin/i686-linux-android16-clang -c -g -O2  conftest.c >&5
configure:12923: $? = 0
configure:12923: result: yes
configure:12929: checking for unistd.h
configure:12929: result: yes
configure:12940: checking for an ANSI C-conforming const
configure:13007: /Users/pro21/Downloads/android-ndk-r21e//toolchains/llvm/prebuilt/darwin-x86_64/bin/i686-linux-android16-clang -c -g -O2  conftest.c >&5
configure:13007: $? = 0
configure:13015: result: yes
configure:13050: checking for special C compiler options needed for large files
configure:13098: result: no
configure:13104: checking for _FILE_OFFSET_BITS value needed for large files
configure:13130: /Users/pro21/Downloads/android-ndk-r21e//toolchains/llvm/prebuilt/darwin-x86_64/bin/i686-linux-android16-clang -c -g -O2  conftest.c >&5
conftest.c:30:22: error: 'off_t_is_large' declared as an array with a negative size
  int off_t_is_large[(LARGE_OFF_T % 2147483629 == 721
                     ^~~~~~~~~~~~~~~~~~~~~~~~~~~~~~~~
1 error generated.
configure:13130: $? = 1
configure: failed program was:
| /* confdefs.h */
| #define PACKAGE_NAME "FreeType"
| #define PACKAGE_TARNAME "freetype"
| #define PACKAGE_VERSION "2.11.1"
| #define PACKAGE_STRING "FreeType 2.11.1"
| #define PACKAGE_BUGREPORT "freetype@nongnu.org"
| #define PACKAGE_URL ""
| #define HAVE_STDIO_H 1
| #define HAVE_STDLIB_H 1
| #define HAVE_STRING_H 1
| #define HAVE_INTTYPES_H 1
| #define HAVE_STDINT_H 1
| #define HAVE_STRINGS_H 1
| #define HAVE_SYS_STAT_H 1
| #define HAVE_SYS_TYPES_H 1
| #define HAVE_UNISTD_H 1
| #define HAVE_SYS_PARAM_H 1
| #define STDC_HEADERS 1
| #define HAVE_DLFCN_H 1
| #define LT_OBJDIR ".libs/"
| #define HAVE_FCNTL_H 1
| #define HAVE_UNISTD_H 1
| /* end confdefs.h.  */
| #include <sys/types.h>
|  /* Check that off_t can represent 2**63 - 1 correctly.
|     We can't simply define LARGE_OFF_T to be 9223372036854775807,
|     since some C++ compilers masquerading as C compilers
|     incorrectly reject 9223372036854775807.  */
| #define LARGE_OFF_T (((off_t) 1 << 31 << 31) - 1 + ((off_t) 1 << 31 << 31))
|   int off_t_is_large[(LARGE_OFF_T % 2147483629 == 721
| 		       && LARGE_OFF_T % 2147483647 == 1)
| 		      ? 1 : -1];
| int
| main (void)
| {
| 
|   ;
|   return 0;
| }
configure:13155: /Users/pro21/Downloads/android-ndk-r21e//toolchains/llvm/prebuilt/darwin-x86_64/bin/i686-linux-android16-clang -c -g -O2  conftest.c >&5
configure:13155: $? = 0
configure:13164: result: 64
configure:13275: checking for getpagesize
configure:13275: /Users/pro21/Downloads/android-ndk-r21e//toolchains/llvm/prebuilt/darwin-x86_64/bin/i686-linux-android16-clang -o conftest -g -O2   conftest.c  >&5
conftest.c:52: error: undefined reference to 'getpagesize'
clang: error: linker command failed with exit code 1 (use -v to see invocation)
configure:13275: $? = 1
configure: failed program was:
| /* confdefs.h */
| #define PACKAGE_NAME "FreeType"
| #define PACKAGE_TARNAME "freetype"
| #define PACKAGE_VERSION "2.11.1"
| #define PACKAGE_STRING "FreeType 2.11.1"
| #define PACKAGE_BUGREPORT "freetype@nongnu.org"
| #define PACKAGE_URL ""
| #define HAVE_STDIO_H 1
| #define HAVE_STDLIB_H 1
| #define HAVE_STRING_H 1
| #define HAVE_INTTYPES_H 1
| #define HAVE_STDINT_H 1
| #define HAVE_STRINGS_H 1
| #define HAVE_SYS_STAT_H 1
| #define HAVE_SYS_TYPES_H 1
| #define HAVE_UNISTD_H 1
| #define HAVE_SYS_PARAM_H 1
| #define STDC_HEADERS 1
| #define HAVE_DLFCN_H 1
| #define LT_OBJDIR ".libs/"
| #define HAVE_FCNTL_H 1
| #define HAVE_UNISTD_H 1
| #define _FILE_OFFSET_BITS 64
| /* end confdefs.h.  */
| /* Define getpagesize to an innocuous variant, in case <limits.h> declares getpagesize.
|    For example, HP-UX 11i <limits.h> declares gettimeofday.  */
| #define getpagesize innocuous_getpagesize
| 
| /* System header to define __stub macros and hopefully few prototypes,
|    which can conflict with char getpagesize (); below.  */
| 
| #include <limits.h>
| #undef getpagesize
| 
| /* Override any GCC internal prototype to avoid an error.
|    Use char because int might match the return type of a GCC
|    builtin and then its argument prototype would still apply.  */
| #ifdef __cplusplus
| extern "C"
| #endif
| char getpagesize ();
| /* The GNU C library defines this for functions which it implements
|     to always fail with ENOSYS.  Some functions are actually named
|     something starting with __ and the normal name is an alias.  */
| #if defined __stub_getpagesize || defined __stub___getpagesize
| choke me
| #endif
| 
| int
| main (void)
| {
| return getpagesize ();
|   ;
|   return 0;
| }
configure:13275: result: no
configure:13286: checking for working mmap
configure:13449: result: yes
configure:13461: checking for /Users/pro21/Downloads/android-ndk-r21e//toolchains/llvm/prebuilt/darwin-x86_64/bin/i686-linux-android16-clang options needed to detect all undeclared functions
configure:13483: /Users/pro21/Downloads/android-ndk-r21e//toolchains/llvm/prebuilt/darwin-x86_64/bin/i686-linux-android16-clang -c -g -O2   conftest.c >&5
conftest.c:30:8: warning: implicitly declaring library function 'strchr' with type 'char *(const char *, int)' [-Wimplicit-function-declaration]
(void) strchr;
       ^
conftest.c:30:8: note: include the header <string.h> or explicitly provide a declaration for 'strchr'
1 warning generated.
configure:13483: $? = 0
configure:13483: /Users/pro21/Downloads/android-ndk-r21e//toolchains/llvm/prebuilt/darwin-x86_64/bin/i686-linux-android16-clang -c -g -O2 -fno-builtin  conftest.c >&5
conftest.c:30:8: error: use of undeclared identifier 'strchr'
(void) strchr;
       ^
1 error generated.
configure:13483: $? = 1
configure: failed program was:
| /* confdefs.h */
| #define PACKAGE_NAME "FreeType"
| #define PACKAGE_TARNAME "freetype"
| #define PACKAGE_VERSION "2.11.1"
| #define PACKAGE_STRING "FreeType 2.11.1"
| #define PACKAGE_BUGREPORT "freetype@nongnu.org"
| #define PACKAGE_URL ""
| #define HAVE_STDIO_H 1
| #define HAVE_STDLIB_H 1
| #define HAVE_STRING_H 1
| #define HAVE_INTTYPES_H 1
| #define HAVE_STDINT_H 1
| #define HAVE_STRINGS_H 1
| #define HAVE_SYS_STAT_H 1
| #define HAVE_SYS_TYPES_H 1
| #define HAVE_UNISTD_H 1
| #define HAVE_SYS_PARAM_H 1
| #define STDC_HEADERS 1
| #define HAVE_DLFCN_H 1
| #define LT_OBJDIR ".libs/"
| #define HAVE_FCNTL_H 1
| #define HAVE_UNISTD_H 1
| #define _FILE_OFFSET_BITS 64
| #define HAVE_MMAP 1
| /* end confdefs.h.  */
| 
| int
| main (void)
| {
| (void) strchr;
|   ;
|   return 0;
| }
configure:13510: /Users/pro21/Downloads/android-ndk-r21e//toolchains/llvm/prebuilt/darwin-x86_64/bin/i686-linux-android16-clang -c -g -O2 -fno-builtin  conftest.c >&5
configure:13510: $? = 0
configure:13527: result: -fno-builtin
configure:13541: checking whether munmap is declared
configure:13541: /Users/pro21/Downloads/android-ndk-r21e//toolchains/llvm/prebuilt/darwin-x86_64/bin/i686-linux-android16-clang -c -g -O2 -fno-builtin  conftest.c >&5
configure:13541: $? = 0
configure:13541: result: yes
configure:13559: checking for munmap's first parameter type
configure:13573: /Users/pro21/Downloads/android-ndk-r21e//toolchains/llvm/prebuilt/darwin-x86_64/bin/i686-linux-android16-clang -c -g -O2  conftest.c >&5
configure:13573: $? = 0
configure:13575: result: void *
configure:13597: checking for memcpy
configure:13597: /Users/pro21/Downloads/android-ndk-r21e//toolchains/llvm/prebuilt/darwin-x86_64/bin/i686-linux-android16-clang -o conftest -g -O2   conftest.c  >&5
conftest.c:44:6: warning: incompatible redeclaration of library function 'memcpy' [-Wincompatible-library-redeclaration]
char memcpy ();
     ^
conftest.c:44:6: note: 'memcpy' is a builtin with type 'void *(void *, const void *, unsigned int)'
1 warning generated.
configure:13597: $? = 0
configure:13597: result: yes
configure:13603: checking for memmove
configure:13603: /Users/pro21/Downloads/android-ndk-r21e//toolchains/llvm/prebuilt/darwin-x86_64/bin/i686-linux-android16-clang -o conftest -g -O2   conftest.c  >&5
conftest.c:45:6: warning: incompatible redeclaration of library function 'memmove' [-Wincompatible-library-redeclaration]
char memmove ();
     ^
conftest.c:45:6: note: 'memmove' is a builtin with type 'void *(void *, const void *, unsigned int)'
1 warning generated.
configure:13603: $? = 0
configure:13603: result: yes
configure:13633: checking /Users/pro21/Downloads/android-ndk-r21e//toolchains/llvm/prebuilt/darwin-x86_64/bin/i686-linux-android16-clang compiler flag -pedantic to assure ANSI C99 works correctly
configure:13660: /Users/pro21/Downloads/android-ndk-r21e//toolchains/llvm/prebuilt/darwin-x86_64/bin/i686-linux-android16-clang -c -g -O2  -pedantic  conftest.c >&5
configure:13660: $? = 0
configure:13662: result: ok, adding to XX_ANSIFLAGS
configure:13633: checking /Users/pro21/Downloads/android-ndk-r21e//toolchains/llvm/prebuilt/darwin-x86_64/bin/i686-linux-android16-clang compiler flag -std=c99 to assure ANSI C99 works correctly
configure:13660: /Users/pro21/Downloads/android-ndk-r21e//toolchains/llvm/prebuilt/darwin-x86_64/bin/i686-linux-android16-clang -c -g -O2  -pedantic -std=c99  conftest.c >&5
configure:13660: $? = 0
configure:13662: result: ok, adding to XX_ANSIFLAGS
configure:13696: checking for -fvisibility=hidden compiler flag
configure:13711: /Users/pro21/Downloads/android-ndk-r21e//toolchains/llvm/prebuilt/darwin-x86_64/bin/i686-linux-android16-clang -o conftest -g -O2 -fvisibility=hidden   conftest.c  >&5
configure:13711: $? = 0
configure:13714: result: yes
configure:14507: checking for library containing clock_gettime
configure:14537: /Users/pro21/Downloads/android-ndk-r21e//toolchains/llvm/prebuilt/darwin-x86_64/bin/i686-linux-android16-clang -o conftest -g -O2 -fvisibility=hidden   conftest.c  >&5
configure:14537: $? = 0
configure:14557: result: none required
configure:15163: checking target system type
configure:15177: result: i686-pc-linux-android
configure:15364: checking whether /Users/pro21/Downloads/android-ndk-r21e//toolchains/llvm/prebuilt/darwin-x86_64/bin/i686-linux-android16-clang is Clang
configure:15391: result: yes
configure:15456: checking whether pthreads work with "-pthread" and "-lpthread"
configure:15567: /Users/pro21/Downloads/android-ndk-r21e//toolchains/llvm/prebuilt/darwin-x86_64/bin/i686-linux-android16-clang -o conftest -g -O2 -fvisibility=hidden -pthread   conftest.c -lpthread  >&5
/Users/pro21/Downloads/android-ndk-r21e//toolchains/llvm/prebuilt/darwin-x86_64/bin/../lib/gcc/i686-linux-android/4.9.x/../../../../i686-linux-android/bin/ld: error: cannot find -lpthread
clang: error: linker command failed with exit code 1 (use -v to see invocation)
configure:15567: $? = 1
configure: failed program was:
| /* confdefs.h */
| #define PACKAGE_NAME "FreeType"
| #define PACKAGE_TARNAME "freetype"
| #define PACKAGE_VERSION "2.11.1"
| #define PACKAGE_STRING "FreeType 2.11.1"
| #define PACKAGE_BUGREPORT "freetype@nongnu.org"
| #define PACKAGE_URL ""
| #define HAVE_STDIO_H 1
| #define HAVE_STDLIB_H 1
| #define HAVE_STRING_H 1
| #define HAVE_INTTYPES_H 1
| #define HAVE_STDINT_H 1
| #define HAVE_STRINGS_H 1
| #define HAVE_SYS_STAT_H 1
| #define HAVE_SYS_TYPES_H 1
| #define HAVE_UNISTD_H 1
| #define HAVE_SYS_PARAM_H 1
| #define STDC_HEADERS 1
| #define HAVE_DLFCN_H 1
| #define LT_OBJDIR ".libs/"
| #define HAVE_FCNTL_H 1
| #define HAVE_UNISTD_H 1
| #define _FILE_OFFSET_BITS 64
| #define HAVE_MMAP 1
| #define HAVE_DECL_MUNMAP 1
| #define MUNMAP_USES_VOIDP /**/
| #define HAVE_MEMCPY 1
| #define HAVE_MEMMOVE 1
| /* end confdefs.h.  */
| #include <pthread.h>
| #                       if !defined(_REENTRANT)
| #                        error "_REENTRANT must be defined"
| #                       endif
|                         static void *some_global = NULL;
|                         static void routine(void *a)
|                           {
|                              /* To avoid any unused-parameter or
|                                 unused-but-set-parameter warning.  */
|                              some_global = a;
|                           }
|                         static void *start_routine(void *a) { return a; }
| int
| main (void)
| {
| pthread_t th; pthread_attr_t attr;
|                         pthread_create(&th, 0, start_routine, 0);
|                         pthread_join(th, 0);
|                         pthread_attr_init(&attr);
|                         pthread_cleanup_push(routine, 0);
|                         pthread_cleanup_pop(0) /* ; */
|   ;
|   return 0;
| }
configure:15577: result: no
configure:15461: checking whether pthreads work with -pthread
configure:15567: /Users/pro21/Downloads/android-ndk-r21e//toolchains/llvm/prebuilt/darwin-x86_64/bin/i686-linux-android16-clang -o conftest -g -O2 -fvisibility=hidden -pthread   conftest.c   >&5
configure:15567: $? = 0
configure:15577: result: yes
configure:15626: checking whether Clang needs flag to prevent "argument unused" warning when linking with -pthread
configure:15653: /Users/pro21/Downloads/android-ndk-r21e//toolchains/llvm/prebuilt/darwin-x86_64/bin/i686-linux-android16-clang -o conftest -Werror -Wunknown-warning-option  -pthread -g -O2 -fvisibility=hidden   conftest.c  >&5
configure:15653: $? = 0
configure:15660: (/Users/pro21/Downloads/android-ndk-r21e//toolchains/llvm/prebuilt/darwin-x86_64/bin/i686-linux-android16-clang -c -Werror -Wunknown-warning-option  -pthread -g -O2 -fvisibility=hidden  conftest.c >&5) && (echo ==== >&5) && (/Users/pro21/Downloads/android-ndk-r21e//toolchains/llvm/prebuilt/darwin-x86_64/bin/i686-linux-android16-clang -o conftest -Werror -Wunknown-warning-option  -pthread -g -O2 -fvisibility=hidden   conftest.o  >&5)
====
configure:15660: $? = 0
configure:15680: result: no
configure:15700: checking for joinable pthread attribute
configure:15719: /Users/pro21/Downloads/android-ndk-r21e//toolchains/llvm/prebuilt/darwin-x86_64/bin/i686-linux-android16-clang -o conftest -g -O2 -fvisibility=hidden -pthread   conftest.c   >&5
configure:15719: $? = 0
configure:15728: result: PTHREAD_CREATE_JOINABLE
configure:15741: checking whether more special flags are required for pthreads
configure:15755: result: no
configure:15764: checking for PTHREAD_PRIO_INHERIT
configure:15782: /Users/pro21/Downloads/android-ndk-r21e//toolchains/llvm/prebuilt/darwin-x86_64/bin/i686-linux-android16-clang -o conftest -g -O2 -fvisibility=hidden -pthread   conftest.c   >&5
configure:15782: $? = 0
configure:15792: result: yes
configure:15976: checking for python3
configure:15997: found /usr/bin/python3
configure:16008: result: python3
configure:16030: checking for python version
configure:16035: result: 3.8.9
configure:16095: checking for `docwriter' Python module
configure:16103: result: no
configure:16357: creating ./config.status

## ---------------------- ##
## Running config.status. ##
## ---------------------- ##

This file was extended by FreeType config.status 2.11.1, which was
generated by GNU Autoconf 2.71.  Invocation command line was

  CONFIG_FILES    = 
  CONFIG_HEADERS  = 
  CONFIG_LINKS    = 
  CONFIG_COMMANDS = 
  $ ./config.status 

on pro21deMacBook-Pro.local

config.status:1140: creating ftoption.h
config.status:1140: creating unix-cc.mk
config.status:1140: creating unix-def.mk
config.status:1140: creating ftconfig.h
config.status:1321: ftconfig.h is unchanged
config.status:1335: executing libtool commands
configure:18591:

Library configuration:
  external zlib: no
  bzip2:         no
  libpng:        no
  harfbuzz:      no
  brotli:        no
  pthread:       yes

configure:18615: WARNING:
  `make refdoc' will fail since pip package `docwriter' is not installed.
  To install, run `python3 -m pip install docwriter', or to use a Python
  virtual environment, run `make refdoc-venv' (requires pip package
  `virtualenv').  These operations require Python >= 3.5.
  

## ---------------- ##
## Cache variables. ##
## ---------------- ##

ac_cv_build=aarch64-apple-darwin21.2.0
ac_cv_c_compiler_gnu=yes
ac_cv_c_const=yes
ac_cv_c_undeclared_builtin_options=-fno-builtin
ac_cv_env_BROTLI_CFLAGS_set=
ac_cv_env_BROTLI_CFLAGS_value=
ac_cv_env_BROTLI_LIBS_set=
ac_cv_env_BROTLI_LIBS_value=
ac_cv_env_BZIP2_CFLAGS_set=
ac_cv_env_BZIP2_CFLAGS_value=
ac_cv_env_BZIP2_LIBS_set=
ac_cv_env_BZIP2_LIBS_value=
ac_cv_env_CC_set=set
ac_cv_env_CC_value=/Users/pro21/Downloads/android-ndk-r21e//toolchains/llvm/prebuilt/darwin-x86_64/bin/i686-linux-android16-clang
ac_cv_env_CFLAGS_set=
ac_cv_env_CFLAGS_value=
ac_cv_env_CPPFLAGS_set=
ac_cv_env_CPPFLAGS_value=
ac_cv_env_CPP_set=
ac_cv_env_CPP_value=
ac_cv_env_HARFBUZZ_CFLAGS_set=
ac_cv_env_HARFBUZZ_CFLAGS_value=
ac_cv_env_HARFBUZZ_LIBS_set=
ac_cv_env_HARFBUZZ_LIBS_value=
ac_cv_env_LDFLAGS_set=
ac_cv_env_LDFLAGS_value=
ac_cv_env_LIBPNG_CFLAGS_set=
ac_cv_env_LIBPNG_CFLAGS_value=
ac_cv_env_LIBPNG_LIBS_set=
ac_cv_env_LIBPNG_LIBS_value=
ac_cv_env_LIBS_set=
ac_cv_env_LIBS_value=
ac_cv_env_LT_SYS_LIBRARY_PATH_set=
ac_cv_env_LT_SYS_LIBRARY_PATH_value=
ac_cv_env_PKG_CONFIG_LIBDIR_set=
ac_cv_env_PKG_CONFIG_LIBDIR_value=
ac_cv_env_PKG_CONFIG_PATH_set=
ac_cv_env_PKG_CONFIG_PATH_value=
ac_cv_env_PKG_CONFIG_set=
ac_cv_env_PKG_CONFIG_value=
ac_cv_env_ZLIB_CFLAGS_set=
ac_cv_env_ZLIB_CFLAGS_value=
ac_cv_env_ZLIB_LIBS_set=
ac_cv_env_ZLIB_LIBS_value=
ac_cv_env_build_alias_set=
ac_cv_env_build_alias_value=
ac_cv_env_host_alias_set=set
ac_cv_env_host_alias_value=i686-linux-android
ac_cv_env_target_alias_set=
ac_cv_env_target_alias_value=
ac_cv_func_getpagesize=no
ac_cv_func_memcpy=yes
ac_cv_func_memmove=yes
ac_cv_func_mmap_fixed_mapped=yes
ac_cv_have_decl_munmap=yes
ac_cv_header_dlfcn_h=yes
ac_cv_header_fcntl_h=yes
ac_cv_header_inttypes_h=yes
ac_cv_header_stdint_h=yes
ac_cv_header_stdio_h=yes
ac_cv_header_stdlib_h=yes
ac_cv_header_string_h=yes
ac_cv_header_strings_h=yes
ac_cv_header_sys_param_h=yes
ac_cv_header_sys_stat_h=yes
ac_cv_header_sys_types_h=yes
ac_cv_header_unistd_h=yes
ac_cv_header_windows_h=no
ac_cv_host=i686-pc-linux-android
ac_cv_objext=o
ac_cv_path_EGREP='/usr/bin/grep -E'
ac_cv_path_FGREP='/usr/bin/grep -F'
ac_cv_path_GREP=/usr/bin/grep
ac_cv_path_SED=/usr/bin/sed
ac_cv_path_ac_pt_PKG_CONFIG=/opt/homebrew/bin/pkg-config
ac_cv_path_install='/usr/bin/install -c'
ac_cv_path_lt_DD=/bin/dd
ac_cv_prog_AWK=awk
ac_cv_prog_CC=/Users/pro21/Downloads/android-ndk-r21e//toolchains/llvm/prebuilt/darwin-x86_64/bin/i686-linux-android16-clang
ac_cv_prog_CC_BUILD=gcc
ac_cv_prog_CPP='/Users/pro21/Downloads/android-ndk-r21e//toolchains/llvm/prebuilt/darwin-x86_64/bin/i686-linux-android16-clang -E'
ac_cv_prog_PYTHON=python3
ac_cv_prog_ac_ct_AR=ar
ac_cv_prog_ac_ct_DUMPBIN='link -dump'
ac_cv_prog_ac_ct_OBJDUMP=objdump
ac_cv_prog_ac_ct_RANLIB=ranlib
ac_cv_prog_ac_ct_STRIP=strip
ac_cv_prog_cc_c11=
ac_cv_prog_cc_g=yes
ac_cv_prog_cc_stdc=
ac_cv_search_clock_gettime='none required'
ac_cv_sys_file_offset_bits=64
ac_cv_sys_largefile_CC=no
ac_cv_target=i686-pc-linux-android
ax_cv_PTHREAD_CLANG=yes
ax_cv_PTHREAD_CLANG_NO_WARN_FLAG=no
ax_cv_PTHREAD_JOINABLE_ATTR=PTHREAD_CREATE_JOINABLE
ax_cv_PTHREAD_PRIO_INHERIT=yes
ax_cv_PTHREAD_SPECIAL_FLAGS=no
lt_cv_ar_at_file=no
lt_cv_archive_cmds_need_lc=no
lt_cv_deplibs_check_method=pass_all
lt_cv_file_magic_cmd='$MAGIC_CMD'
lt_cv_file_magic_test_file=
lt_cv_ld_reload_flag=-r
lt_cv_nm_interface='BSD nm'
lt_cv_objdir=.libs
lt_cv_path_LD=/Users/pro21/Downloads/android-ndk-r21e//toolchains/llvm/prebuilt/darwin-x86_64/i686-linux-android/bin/ld
lt_cv_path_NM=no
lt_cv_path_mainfest_tool=no
lt_cv_prog_compiler_c_o=yes
lt_cv_prog_compiler_pic='-fPIC -DPIC'
lt_cv_prog_compiler_pic_works=yes
lt_cv_prog_compiler_rtti_exceptions=yes
lt_cv_prog_compiler_static_works=yes
lt_cv_prog_gnu_ld=yes
lt_cv_sharedlib_from_linklib_cmd='printf %s\n'
lt_cv_sys_global_symbol_pipe='sed -n -e '\''s/^.*[	 ]\([BCDEGRST][BCDEGRST]*\)[	 ][	 ]*\([_A-Za-z][_A-Za-z0-9]*\)$/\1 \2 \2/p'\'' | sed '\''/ __gnu_lto/d'\'''
lt_cv_sys_global_symbol_to_c_name_address='sed -n -e '\''s/^: \(.*\) .*$/  {"\1", (void *) 0},/p'\'' -e '\''s/^[BCDEGRST][BCDEGRST]* .* \(.*\)$/  {"\1", (void *) \&\1},/p'\'''
lt_cv_sys_global_symbol_to_c_name_address_lib_prefix='sed -n -e '\''s/^: \(.*\) .*$/  {"\1", (void *) 0},/p'\'' -e '\''s/^[BCDEGRST][BCDEGRST]* .* \(lib.*\)$/  {"\1", (void *) \&\1},/p'\'' -e '\''s/^[BCDEGRST][BCDEGRST]* .* \(.*\)$/  {"lib\1", (void *) \&\1},/p'\'''
lt_cv_sys_global_symbol_to_cdecl='sed -n -e '\''s/^T .* \(.*\)$/extern int \1();/p'\'' -e '\''s/^[BCDEGRST][BCDEGRST]* .* \(.*\)$/extern char \1;/p'\'''
lt_cv_sys_global_symbol_to_import=
lt_cv_sys_max_cmd_len=786432
lt_cv_to_host_file_cmd=func_convert_file_noop
lt_cv_to_tool_file_cmd=func_convert_file_noop
lt_cv_truncate_bin='/bin/dd bs=4096 count=1'

## ----------------- ##
## Output variables. ##
## ----------------- ##

AR='ar'
AS='as'
AWK='awk'
BROTLI_CFLAGS=''
BROTLI_LIBS=''
BZIP2_CFLAGS=''
BZIP2_LIBS=''
CC='/Users/pro21/Downloads/android-ndk-r21e//toolchains/llvm/prebuilt/darwin-x86_64/bin/i686-linux-android16-clang'
CC_BUILD='gcc'
CFLAGS='-g -O2 -fvisibility=hidden -pthread'
CPP='/Users/pro21/Downloads/android-ndk-r21e//toolchains/llvm/prebuilt/darwin-x86_64/bin/i686-linux-android16-clang -E'
CPPFLAGS=''
DEFS='-DHAVE_CONFIG_H'
DLLTOOL='false'
DSYMUTIL=''
DUMPBIN=':'
ECHO_C='\c'
ECHO_N=''
ECHO_T=''
EGREP='/usr/bin/grep -E'
EXEEXT=''
EXEEXT_BUILD=''
FGREP='/usr/bin/grep -F'
FTSYS_SRC='$(PLATFORM_DIR)/ftsystem.c'
GREP='/usr/bin/grep'
HARFBUZZ_CFLAGS=''
HARFBUZZ_LIBS=''
INSTALL_DATA='${INSTALL} -m 644'
INSTALL_FT2_CONFIG='FALSE'
INSTALL_PROGRAM='${INSTALL}'
INSTALL_SCRIPT='${INSTALL}'
LD='/Users/pro21/Downloads/android-ndk-r21e//toolchains/llvm/prebuilt/darwin-x86_64/i686-linux-android/bin/ld'
LDFLAGS=' -pthread '
LIBOBJS=''
LIBPNG_CFLAGS=''
LIBPNG_LIBS=''
LIBS=''
LIBSSTATIC_CONFIG='-lfreetype'
LIBS_PRIVATE=''
LIBTOOL='$(SHELL) $(top_builddir)/libtool'
LIB_CLOCK_GETTIME=''
LIPO=''
LN_S='ln -s'
LTLIBOBJS=''
LT_SYS_LIBRARY_PATH=''
MANIFEST_TOOL=':'
MKDIR_P='/Users/pro21/gitlab/learning/freetype2/freetype-2.11.1/builds/unix/./install-sh -c -d'
NM='nm'
NMEDIT=''
OBJDUMP='objdump'
OBJEXT='o'
OTOOL64=''
OTOOL=''
PACKAGE_BUGREPORT='freetype@nongnu.org'
PACKAGE_NAME='FreeType'
PACKAGE_STRING='FreeType 2.11.1'
PACKAGE_TARNAME='freetype'
PACKAGE_URL=''
PACKAGE_VERSION='2.11.1'
PATH_SEPARATOR=':'
PKG_CONFIG='/opt/homebrew/bin/pkg-config'
PKG_CONFIG_LIBDIR=''
PKG_CONFIG_PATH=''
PTHREAD_CC='/Users/pro21/Downloads/android-ndk-r21e//toolchains/llvm/prebuilt/darwin-x86_64/bin/i686-linux-android16-clang'
PTHREAD_CFLAGS='-pthread'
PTHREAD_CXX=''
PTHREAD_LIBS=''
PYTHON='python3'
PYTHON_VERSION='3.8.9'
RANLIB='ranlib'
RC=''
REQUIRES_PRIVATE=''
SED='/usr/bin/sed'
SHELL='/bin/sh'
STRIP='strip'
XX_ANSIFLAGS=' -pedantic -std=c99'
XX_CFLAGS='-Wall'
ZLIB_CFLAGS=''
ZLIB_LIBS=''
ac_ct_AR='ar'
ac_ct_CC=''
ac_ct_DUMPBIN='link -dump'
ax_pthread_config=''
bindir='${exec_prefix}/bin'
build='aarch64-apple-darwin21.2.0'
build_alias=''
build_cpu='aarch64'
build_libtool_libs=''
build_os='darwin21.2.0'
build_vendor='apple'
datadir='${datarootdir}'
datarootdir='${prefix}/share'
docdir='${datarootdir}/doc/${PACKAGE_TARNAME}'
dvidir='${docdir}'
exec_prefix='${prefix}'
ft_version='24.1.18'
ftmac_c=''
hardcode_libdir_flag_spec='-L$libdir'
host='i686-pc-linux-android'
host_alias='i686-linux-android'
host_cpu='i686'
host_os='linux-android'
host_vendor='pc'
htmldir='${docdir}'
includedir='${prefix}/include'
infodir='${datarootdir}/info'
libdir='/Users/pro21/gitlab/learning/freetype2/freetype-2.11.1/android-libs/x86'
libexecdir='${exec_prefix}/libexec'
localedir='${datarootdir}/locale'
localstatedir='${prefix}/var'
mandir='${datarootdir}/man'
oldincludedir='/usr/include'
pdfdir='${docdir}'
prefix='/Users/pro21/gitlab/learning/freetype2/freetype-2.11.1/android-libs/x86'
program_transform_name='s,x,x,'
psdir='${docdir}'
runstatedir='${localstatedir}/run'
sbindir='${exec_prefix}/sbin'
sharedstatedir='${prefix}/com'
sysconfdir='${prefix}/etc'
target='i686-pc-linux-android'
target_alias=''
target_cpu='i686'
target_os='linux-android'
target_vendor='pc'
version_info='24:1:18'
wl='-Wl,'

## ----------- ##
## confdefs.h. ##
## ----------- ##

/* confdefs.h */
#define PACKAGE_NAME "FreeType"
#define PACKAGE_TARNAME "freetype"
#define PACKAGE_VERSION "2.11.1"
#define PACKAGE_STRING "FreeType 2.11.1"
#define PACKAGE_BUGREPORT "freetype@nongnu.org"
#define PACKAGE_URL ""
#define HAVE_STDIO_H 1
#define HAVE_STDLIB_H 1
#define HAVE_STRING_H 1
#define HAVE_INTTYPES_H 1
#define HAVE_STDINT_H 1
#define HAVE_STRINGS_H 1
#define HAVE_SYS_STAT_H 1
#define HAVE_SYS_TYPES_H 1
#define HAVE_UNISTD_H 1
#define HAVE_SYS_PARAM_H 1
#define STDC_HEADERS 1
#define HAVE_DLFCN_H 1
#define LT_OBJDIR ".libs/"
#define HAVE_FCNTL_H 1
#define HAVE_UNISTD_H 1
#define _FILE_OFFSET_BITS 64
#define HAVE_MMAP 1
#define HAVE_DECL_MUNMAP 1
#define MUNMAP_USES_VOIDP /**/
#define HAVE_MEMCPY 1
#define HAVE_MEMMOVE 1
#define HAVE_PTHREAD_PRIO_INHERIT 1

configure: exit 0
